2026-06-15 14:43:08.601 - RealTimeSTT: realtimestt - INFO - Starting RealTimeSTT
2026-06-15 14:43:08.609 - RealTimeSTT: realtimestt - INFO - Initializing audio recording (creating pyAudio input stream, sample rate: 16000 buffer size: 512
2026-06-15 14:43:08.613 - RealTimeSTT: realtimestt - ERROR - Error initializing porcupine wake word detection engine: Porcupine wake word detection requires the optional 'pvporcupine' package. Install it with 'pip install "RealtimeSTT[porcupine]"'.. Wakewords: ['assistente'].
Traceback (most recent call last):
  File "C:\Python312\Lib\site-packages\RealtimeSTT\core\wakeword.py", line 43, in _load_porcupine_module
    return importer("pvporcupine")
           ^^^^^^^^^^^^^^^^^^^^^^^
  File "C:\Python312\Lib\importlib\__init__.py", line 90, in import_module
    return _bootstrap._gcd_import(name[level:], package, level)
           ^^^^^^^^^^^^^^^^^^^^^^^^^^^^^^^^^^^^^^^^^^^^^^^^^^^^
  File "<frozen importlib._bootstrap>", line 1387, in _gcd_import
  File "<frozen importlib._bootstrap>", line 1360, in _find_and_load
  File "<frozen importlib._bootstrap>", line 1324, in _find_and_load_unlocked
ModuleNotFoundError: No module named 'pvporcupine'

The above exception was the direct cause of the following exception:

Traceback (most recent call last):
  File "C:\Python312\Lib\site-packages\RealtimeSTT\core\wakeword.py", line 113, in setup_wakeword_detection
    pvporcupine = load_porcupine_module()
                  ^^^^^^^^^^^^^^^^^^^^^^^
  File "C:\Python312\Lib\site-packages\RealtimeSTT\core\wakeword.py", line 45, in _load_porcupine_module
    raise ModuleNotFoundError(
ModuleNotFoundError: Porcupine wake word detection requires the optional 'pvporcupine' package. Install it with 'pip install "RealtimeSTT[porcupine]"'.
2026-06-15 14:46:56.193 - RealTimeSTT: realtimestt - INFO - Starting RealTimeSTT
2026-06-15 14:46:56.200 - RealTimeSTT: realtimestt - INFO - Initializing audio recording (creating pyAudio input stream, sample rate: 16000 buffer size: 512
2026-06-15 14:46:56.204 - RealTimeSTT: realtimestt - ERROR - Error initializing porcupine wake word detection engine: Porcupine wake word detection requires the optional 'pvporcupine' package. Install it with 'pip install "RealtimeSTT[porcupine]"'.. Wakewords: ['assistente'].
Traceback (most recent call last):
  File "C:\Python312\Lib\site-packages\RealtimeSTT\core\wakeword.py", line 43, in _load_porcupine_module
    return importer("pvporcupine")
           ^^^^^^^^^^^^^^^^^^^^^^^
  File "C:\Python312\Lib\importlib\__init__.py", line 90, in import_module
    return _bootstrap._gcd_import(name[level:], package, level)
           ^^^^^^^^^^^^^^^^^^^^^^^^^^^^^^^^^^^^^^^^^^^^^^^^^^^^
  File "<frozen importlib._bootstrap>", line 1387, in _gcd_import
  File "<frozen importlib._bootstrap>", line 1360, in _find_and_load
  File "<frozen importlib._bootstrap>", line 1324, in _find_and_load_unlocked
ModuleNotFoundError: No module named 'pvporcupine'

The above exception was the direct cause of the following exception:

Traceback (most recent call last):
  File "C:\Python312\Lib\site-packages\RealtimeSTT\core\wakeword.py", line 113, in setup_wakeword_detection
    pvporcupine = load_porcupine_module()
                  ^^^^^^^^^^^^^^^^^^^^^^^
  File "C:\Python312\Lib\site-packages\RealtimeSTT\core\wakeword.py", line 45, in _load_porcupine_module
    raise ModuleNotFoundError(
ModuleNotFoundError: Porcupine wake word detection requires the optional 'pvporcupine' package. Install it with 'pip install "RealtimeSTT[porcupine]"'.
2026-06-15 15:02:01.051 - RealTimeSTT: realtimestt - INFO - Starting RealTimeSTT
2026-06-15 15:02:01.057 - RealTimeSTT: realtimestt - INFO - Initializing audio recording (creating pyAudio input stream, sample rate: 16000 buffer size: 512
2026-06-15 15:02:01.062 - RealTimeSTT: realtimestt - ERROR - Error initializing porcupine wake word detection engine: Porcupine wake word detection requires the optional 'pvporcupine' package. Install it with 'pip install "RealtimeSTT[porcupine]"'.. Wakewords: ['assistente'].
Traceback (most recent call last):
  File "C:\Python312\Lib\site-packages\RealtimeSTT\core\wakeword.py", line 43, in _load_porcupine_module
    return importer("pvporcupine")
           ^^^^^^^^^^^^^^^^^^^^^^^
  File "C:\Python312\Lib\importlib\__init__.py", line 90, in import_module
    return _bootstrap._gcd_import(name[level:], package, level)
           ^^^^^^^^^^^^^^^^^^^^^^^^^^^^^^^^^^^^^^^^^^^^^^^^^^^^
  File "<frozen importlib._bootstrap>", line 1387, in _gcd_import
  File "<frozen importlib._bootstrap>", line 1360, in _find_and_load
  File "<frozen importlib._bootstrap>", line 1324, in _find_and_load_unlocked
ModuleNotFoundError: No module named 'pvporcupine'

The above exception was the direct cause of the following exception:

Traceback (most recent call last):
  File "C:\Python312\Lib\site-packages\RealtimeSTT\core\wakeword.py", line 113, in setup_wakeword_detection
    pvporcupine = load_porcupine_module()
                  ^^^^^^^^^^^^^^^^^^^^^^^
  File "C:\Python312\Lib\site-packages\RealtimeSTT\core\wakeword.py", line 45, in _load_porcupine_module
    raise ModuleNotFoundError(
ModuleNotFoundError: Porcupine wake word detection requires the optional 'pvporcupine' package. Install it with 'pip install "RealtimeSTT[porcupine]"'.
2026-06-15 15:05:35.393 - RealTimeSTT: realtimestt - INFO - Starting RealTimeSTT
2026-06-15 15:05:35.400 - RealTimeSTT: realtimestt - INFO - Initializing audio recording (creating pyAudio input stream, sample rate: 16000 buffer size: 512
2026-06-15 15:05:35.405 - RealTimeSTT: realtimestt - ERROR - Error initializing porcupine wake word detection engine: Porcupine wake word detection requires the optional 'pvporcupine' package. Install it with 'pip install "RealtimeSTT[porcupine]"'.. Wakewords: ['assistente'].
Traceback (most recent call last):
  File "C:\Python312\Lib\site-packages\RealtimeSTT\core\wakeword.py", line 43, in _load_porcupine_module
    return importer("pvporcupine")
           ^^^^^^^^^^^^^^^^^^^^^^^
  File "C:\Python312\Lib\importlib\__init__.py", line 90, in import_module
    return _bootstrap._gcd_import(name[level:], package, level)
           ^^^^^^^^^^^^^^^^^^^^^^^^^^^^^^^^^^^^^^^^^^^^^^^^^^^^
  File "<frozen importlib._bootstrap>", line 1387, in _gcd_import
  File "<frozen importlib._bootstrap>", line 1360, in _find_and_load
  File "<frozen importlib._bootstrap>", line 1324, in _find_and_load_unlocked
ModuleNotFoundError: No module named 'pvporcupine'

The above exception was the direct cause of the following exception:

Traceback (most recent call last):
  File "C:\Python312\Lib\site-packages\RealtimeSTT\core\wakeword.py", line 113, in setup_wakeword_detection
    pvporcupine = load_porcupine_module()
                  ^^^^^^^^^^^^^^^^^^^^^^^
  File "C:\Python312\Lib\site-packages\RealtimeSTT\core\wakeword.py", line 45, in _load_porcupine_module
    raise ModuleNotFoundError(
ModuleNotFoundError: Porcupine wake word detection requires the optional 'pvporcupine' package. Install it with 'pip install "RealtimeSTT[porcupine]"'.
2026-06-15 15:10:40.408 - RealTimeSTT: realtimestt - INFO - Starting RealTimeSTT
2026-06-15 15:10:40.413 - RealTimeSTT: realtimestt - INFO - Initializing audio recording (creating pyAudio input stream, sample rate: 16000 buffer size: 512
2026-06-15 15:10:40.421 - RealTimeSTT: realtimestt - ERROR - Error initializing porcupine wake word detection engine: One or more keywords are not available by default. Available default keywords are:\ncomputer, hey google, blueberry, hey siri, ok google, grasshopper, grapefruit, jarvis, porcupine, americano, pico clock, picovoice, bumblebee, alexa, terminator. Wakewords: ['assistente'].
Traceback (most recent call last):
  File "C:\Python312\Lib\site-packages\RealtimeSTT\core\wakeword.py", line 114, in setup_wakeword_detection
    recorder.porcupine = pvporcupine.create(
                         ^^^^^^^^^^^^^^^^^^^
  File "C:\Python312\Lib\site-packages\pvporcupine\__init__.py", line 54, in create
    raise ValueError(
ValueError: One or more keywords are not available by default. Available default keywords are:\ncomputer, hey google, blueberry, hey siri, ok google, grasshopper, grapefruit, jarvis, porcupine, americano, pico clock, picovoice, bumblebee, alexa, terminator
2026-06-15 15:16:51.035 - RealTimeSTT: realtimestt - INFO - Starting RealTimeSTT
2026-06-15 15:16:51.041 - RealTimeSTT: realtimestt - INFO - Initializing audio recording (creating pyAudio input stream, sample rate: 16000 buffer size: 512
2026-06-15 15:16:51.048 - RealTimeSTT: realtimestt - ERROR - Error initializing porcupine wake word detection engine: One or more keywords are not available by default. Available default keywords are:\nblueberry, bumblebee, pico clock, alexa, ok google, porcupine, terminator, grapefruit, hey google, americano, grasshopper, picovoice, hey siri, computer, jarvis. Wakewords: ['assistente'].
Traceback (most recent call last):
  File "C:\Python312\Lib\site-packages\RealtimeSTT\core\wakeword.py", line 114, in setup_wakeword_detection
    recorder.porcupine = pvporcupine.create(
                         ^^^^^^^^^^^^^^^^^^^
  File "C:\Python312\Lib\site-packages\pvporcupine\__init__.py", line 54, in create
    raise ValueError(
ValueError: One or more keywords are not available by default. Available default keywords are:\nblueberry, bumblebee, pico clock, alexa, ok google, porcupine, terminator, grapefruit, hey google, americano, grasshopper, picovoice, hey siri, computer, jarvis
2026-06-15 15:18:41.059 - RealTimeSTT: realtimestt - INFO - Starting RealTimeSTT
2026-06-15 15:18:41.067 - RealTimeSTT: realtimestt - INFO - Initializing audio recording (creating pyAudio input stream, sample rate: 16000 buffer size: 512
2026-06-15 15:18:41.119 - RealTimeSTT: realtimestt - DEBUG - Porcupine wake word detection engine initialized successfully
2026-06-15 15:18:41.119 - RealTimeSTT: realtimestt - INFO - Initializing WebRTC voice with Sensitivity 3
2026-06-15 15:18:41.119 - RealTimeSTT: realtimestt - DEBUG - WebRTC VAD voice activity detection engine initialized successfully
2026-06-15 15:18:41.119 - RealTimeSTT: realtimestt - DEBUG - Silero VAD auto backend raw_onnx_ifless unavailable
Traceback (most recent call last):
  File "C:\Python312\Lib\site-packages\RealtimeSTT\core\silero_vad.py", line 176, in _create_auto_vad
    return _create_raw_onnx_vad(
           ^^^^^^^^^^^^^^^^^^^^^
  File "C:\Python312\Lib\site-packages\RealtimeSTT\core\silero_vad.py", line 225, in _create_raw_onnx_vad
    raise SileroVadError(
RealtimeSTT.core.silero_vad.SileroVadError: Could not find silero_vad_op18_ifless.onnx in the installed silero_vad package or the local torch hub cache. Install 'silero-vad' or pass silero_onnx_model_path.
2026-06-15 15:18:41.120 - RealTimeSTT: realtimestt - DEBUG - Silero VAD auto backend raw_onnx unavailable
Traceback (most recent call last):
  File "C:\Python312\Lib\site-packages\RealtimeSTT\core\silero_vad.py", line 176, in _create_auto_vad
    return _create_raw_onnx_vad(
           ^^^^^^^^^^^^^^^^^^^^^
  File "C:\Python312\Lib\site-packages\RealtimeSTT\core\silero_vad.py", line 225, in _create_raw_onnx_vad
    raise SileroVadError(
RealtimeSTT.core.silero_vad.SileroVadError: Could not find silero_vad.onnx in the installed silero_vad package or the local torch hub cache. Install 'silero-vad' or pass silero_onnx_model_path.
2026-06-15 15:20:09.663 - RealTimeSTT: realtimestt - INFO - Starting RealTimeSTT
2026-06-15 15:20:09.670 - RealTimeSTT: realtimestt - INFO - Initializing audio recording (creating pyAudio input stream, sample rate: 16000 buffer size: 512
2026-06-15 15:20:09.680 - RealTimeSTT: realtimestt - DEBUG - Porcupine wake word detection engine initialized successfully
2026-06-15 15:20:09.680 - RealTimeSTT: realtimestt - INFO - Initializing WebRTC voice with Sensitivity 3
2026-06-15 15:20:09.680 - RealTimeSTT: realtimestt - DEBUG - WebRTC VAD voice activity detection engine initialized successfully
2026-06-15 15:20:09.681 - RealTimeSTT: realtimestt - DEBUG - Silero VAD auto backend raw_onnx_ifless unavailable
Traceback (most recent call last):
  File "C:\Python312\Lib\site-packages\RealtimeSTT\core\silero_vad.py", line 176, in _create_auto_vad
    return _create_raw_onnx_vad(
           ^^^^^^^^^^^^^^^^^^^^^
  File "C:\Python312\Lib\site-packages\RealtimeSTT\core\silero_vad.py", line 225, in _create_raw_onnx_vad
    raise SileroVadError(
RealtimeSTT.core.silero_vad.SileroVadError: Could not find silero_vad_op18_ifless.onnx in the installed silero_vad package or the local torch hub cache. Install 'silero-vad' or pass silero_onnx_model_path.
2026-06-15 15:20:09.681 - RealTimeSTT: realtimestt - DEBUG - Silero VAD auto backend raw_onnx unavailable
Traceback (most recent call last):
  File "C:\Python312\Lib\site-packages\RealtimeSTT\core\silero_vad.py", line 176, in _create_auto_vad
    return _create_raw_onnx_vad(
           ^^^^^^^^^^^^^^^^^^^^^
  File "C:\Python312\Lib\site-packages\RealtimeSTT\core\silero_vad.py", line 225, in _create_raw_onnx_vad
    raise SileroVadError(
RealtimeSTT.core.silero_vad.SileroVadError: Could not find silero_vad.onnx in the installed silero_vad package or the local torch hub cache. Install 'silero-vad' or pass silero_onnx_model_path.
2026-06-15 15:22:51.730 - RealTimeSTT: realtimestt - INFO - Starting RealTimeSTT
2026-06-15 15:22:51.736 - RealTimeSTT: realtimestt - INFO - Initializing audio recording (creating pyAudio input stream, sample rate: 16000 buffer size: 512
2026-06-15 15:22:51.744 - RealTimeSTT: realtimestt - DEBUG - Porcupine wake word detection engine initialized successfully
2026-06-15 15:22:51.744 - RealTimeSTT: realtimestt - INFO - Initializing WebRTC voice with Sensitivity 3
2026-06-15 15:22:51.744 - RealTimeSTT: realtimestt - DEBUG - WebRTC VAD voice activity detection engine initialized successfully
2026-06-15 15:22:51.744 - RealTimeSTT: realtimestt - DEBUG - Silero VAD auto backend raw_onnx_ifless unavailable
Traceback (most recent call last):
  File "C:\Python312\Lib\site-packages\RealtimeSTT\core\silero_vad.py", line 176, in _create_auto_vad
    return _create_raw_onnx_vad(
           ^^^^^^^^^^^^^^^^^^^^^
  File "C:\Python312\Lib\site-packages\RealtimeSTT\core\silero_vad.py", line 225, in _create_raw_onnx_vad
    raise SileroVadError(
RealtimeSTT.core.silero_vad.SileroVadError: Could not find silero_vad_op18_ifless.onnx in the installed silero_vad package or the local torch hub cache. Install 'silero-vad' or pass silero_onnx_model_path.
2026-06-15 15:22:51.746 - RealTimeSTT: realtimestt - DEBUG - Silero VAD auto backend raw_onnx unavailable
Traceback (most recent call last):
  File "C:\Python312\Lib\site-packages\RealtimeSTT\core\silero_vad.py", line 176, in _create_auto_vad
    return _create_raw_onnx_vad(
           ^^^^^^^^^^^^^^^^^^^^^
  File "C:\Python312\Lib\site-packages\RealtimeSTT\core\silero_vad.py", line 225, in _create_raw_onnx_vad
    raise SileroVadError(
RealtimeSTT.core.silero_vad.SileroVadError: Could not find silero_vad.onnx in the installed silero_vad package or the local torch hub cache. Install 'silero-vad' or pass silero_onnx_model_path.
2026-06-15 15:30:20.152 - RealTimeSTT: realtimestt - INFO - Starting RealTimeSTT
2026-06-15 15:30:20.160 - RealTimeSTT: realtimestt - INFO - Initializing audio recording (creating pyAudio input stream, sample rate: 16000 buffer size: 512
2026-06-15 15:30:20.170 - RealTimeSTT: realtimestt - DEBUG - Porcupine wake word detection engine initialized successfully
2026-06-15 15:30:20.170 - RealTimeSTT: realtimestt - INFO - Initializing WebRTC voice with Sensitivity 3
2026-06-15 15:30:20.170 - RealTimeSTT: realtimestt - DEBUG - WebRTC VAD voice activity detection engine initialized successfully
2026-06-15 15:30:20.170 - RealTimeSTT: realtimestt - DEBUG - Silero VAD auto backend raw_onnx_ifless unavailable
Traceback (most recent call last):
  File "C:\Python312\Lib\site-packages\RealtimeSTT\core\silero_vad.py", line 176, in _create_auto_vad
    return _create_raw_onnx_vad(
           ^^^^^^^^^^^^^^^^^^^^^
  File "C:\Python312\Lib\site-packages\RealtimeSTT\core\silero_vad.py", line 225, in _create_raw_onnx_vad
    raise SileroVadError(
RealtimeSTT.core.silero_vad.SileroVadError: Could not find silero_vad_op18_ifless.onnx in the installed silero_vad package or the local torch hub cache. Install 'silero-vad' or pass silero_onnx_model_path.
2026-06-15 15:30:20.171 - RealTimeSTT: realtimestt - DEBUG - Silero VAD auto backend raw_onnx unavailable
Traceback (most recent call last):
  File "C:\Python312\Lib\site-packages\RealtimeSTT\core\silero_vad.py", line 176, in _create_auto_vad
    return _create_raw_onnx_vad(
           ^^^^^^^^^^^^^^^^^^^^^
  File "C:\Python312\Lib\site-packages\RealtimeSTT\core\silero_vad.py", line 225, in _create_raw_onnx_vad
    raise SileroVadError(
RealtimeSTT.core.silero_vad.SileroVadError: Could not find silero_vad.onnx in the installed silero_vad package or the local torch hub cache. Install 'silero-vad' or pass silero_onnx_model_path.
